#
# A fatal error has been detected by the Java Runtime Environment:
#
#  EXCEPTION_ACCESS_VIOLATION (0xc0000005) at pc=0x00007ffa4512db1e, pid=3812, tid=5132
#
# JRE version: OpenJDK Runtime Environment Temurin-17.0.12+7 (17.0.12+7) (build 17.0.12+7)
# Java VM: OpenJDK 64-Bit Server VM Temurin-17.0.12+7 (17.0.12+7, mixed mode, tiered, compressed oops, compressed class ptrs, parallel gc, windows-amd64)
# Problematic frame:
# V  [jvm.dll+0x6bdb1e]
#
# No core dump will be written. Minidumps are not enabled by default on client versions of Windows
#
# If you would like to submit a bug report, please visit:
#   https://github.com/adoptium/adoptium-support/issues
#

---------------  S U M M A R Y ------------

Command Line: --add-modules=ALL-SYSTEM --add-opens=java.base/java.util=ALL-UNNAMED --add-opens=java.base/java.lang=ALL-UNNAMED --add-opens=java.base/sun.nio.fs=ALL-UNNAMED -Declipse.application=org.eclipse.jdt.ls.core.id1 -Dosgi.bundles.defaultStartLevel=4 -Declipse.product=org.eclipse.jdt.ls.core.product -Djava.import.generatesMetadataFilesAtProjectRoot=false -DDetectVMInstallationsJob.disabled=true -Dfile.encoding=utf8 -XX:+UseParallelGC -XX:GCTimeRatio=4 -XX:AdaptiveSizePolicyWeight=90 -Dsun.zip.disableMemoryMapping=true -Xmx1G -Xms100m -Xlog:disable -javaagent:c:\Users\Douglas\.vscode\extensions\redhat.java-1.34.0-win32-x64\lombok\lombok-1.18.33.jar -XX:+HeapDumpOnOutOfMemoryError -XX:HeapDumpPath=c:\Users\Douglas\AppData\Roaming\Code\User\workspaceStorage\ec29353b9d41b3d3bf0a96167f292c51\redhat.java -Daether.dependencyCollector.impl=bf c:\Users\Douglas\.vscode\extensions\redhat.java-1.34.0-win32-x64\server\plugins\org.eclipse.equinox.launcher_1.6.900.v20240613-2009.jar -configuration c:\Users\Douglas\AppData\Roaming\Code\User\globalStorage\redhat.java\1.34.0\config_win -data c:\Users\Douglas\AppData\Roaming\Code\User\workspaceStorage\ec29353b9d41b3d3bf0a96167f292c51\redhat.java\jdt_ws --pipe=\\.\pipe\lsp-1d718801182ddba9e58127b89d679886-sock

Host: Intel(R) Core(TM) i5 CPU         650  @ 3.20GHz, 4 cores, 7G,  Windows 10 , 64 bit Build 19041 (10.0.19041.4842)
Time: Sun Sep 15 10:18:04 2024 Hora oficial do Brasil elapsed time: 27.766619 seconds (0d 0h 0m 27s)

---------------  T H R E A D  ---------------

Current thread (0x00000261f75fc330):  GCTaskThread "GC Thread#1" [stack: 0x000000a49f800000,0x000000a49f900000] [id=5132]

Stack: [0x000000a49f800000,0x000000a49f900000],  sp=0x000000a49f8ff5e0,  free space=1021k
Native frames: (J=compiled Java code, j=interpreted, Vv=VM code, C=native code)
V  [jvm.dll+0x6bdb1e]
V  [jvm.dll+0x6bc5ef]
V  [jvm.dll+0x6bd300]
V  [jvm.dll+0x6b06ec]
V  [jvm.dll+0x6b1132]
V  [jvm.dll+0x6bfee7]
V  [jvm.dll+0x864aab]
V  [jvm.dll+0x864af6]
V  [jvm.dll+0x7e65dc]
V  [jvm.dll+0x67e7f7]
C  [ucrtbase.dll+0x21bb2]
C  [KERNEL32.DLL+0x17374]
C  [ntdll.dll+0x4cc91]


siginfo: EXCEPTION_ACCESS_VIOLATION (0xc0000005), reading address 0x00007ffa457a47b0


Registers:
RAX=0x0000000000040000, RBX=0x0000000000000009, RCX=0x000000a49f8ff600, RDX=0x00000000c1f4fcb8
RSP=0x000000a49f8ff5e0, RBP=0x0000000000000001, RSI=0x0000000000002000, RDI=0x00000000c1f4fcb8
R8 =0x00000001003f2110, R9 =0x00007ffa455a47b0, R10=0x0000000000000000, R11=0x00000261f1daff00
R12=0x0000000000000000, R13=0x0000000000000010, R14=0x00000000ec3c9760, R15=0x00000261f1daff00
RIP=0x00007ffa4512db1e, EFLAGS=0x0000000000010202


Register to memory mapping:

RIP=0x00007ffa4512db1e jvm.dll
RAX=0x0000000000040000 is an unknown value
RBX=0x0000000000000009 is an unknown value
RCX=0x000000a49f8ff600 points into unknown readable memory: 0x00007ffa45424230 | 30 42 42 45 fa 7f 00 00
RDX=0x00000000c1f4fcb8 points into unknown readable memory: 0x0000000000000009 | 09 00 00 00 00 00 00 00
RSP=0x000000a49f8ff5e0 points into unknown readable memory: 0x0000000000000009 | 09 00 00 00 00 00 00 00
RBP=0x0000000000000001 is an unknown value
RSI=0x0000000000002000 is an unknown value
RDI=0x00000000c1f4fcb8 points into unknown readable memory: 0x0000000000000009 | 09 00 00 00 00 00 00 00
R8 =0x00000001003f2110 is pointing into metadata
R9 =0x00007ffa455a47b0 jvm.dll
R10=0x0 is NULL
R11=0x00000261f1daff00 points into unknown readable memory: 0x00007ffa45425038 | 38 50 42 45 fa 7f 00 00
R12=0x0 is NULL
R13=0x0000000000000010 is an unknown value
R14=0x00000000ec3c9760 points into unknown readable memory: 0x00000000c1f4fcbb | bb fc f4 c1 00 00 00 00
R15=0x00000261f1daff00 points into unknown readable memory: 0x00007ffa45425038 | 38 50 42 45 fa 7f 00 00


Top of Stack: (sp=0x000000a49f8ff5e0)
0x000000a49f8ff5e0:   0000000000000009 0000000000000005
0x000000a49f8ff5f0:   0000000000000001 00007ffa450fa933
0x000000a49f8ff600:   00007ffa45424230 00000261ddf97fc0
0x000000a49f8ff610:   00000261f1daff00 00007ffa45120289
0x000000a49f8ff620:   00000000c1f4d028 00007ffa4512c5ef
0x000000a49f8ff630:   0000000000000001 0000000000002000
0x000000a49f8ff640:   00000000c0bdd400 0000000000000580
0x000000a49f8ff650:   00000000c0bdd448 00007ffa4511f87c
0x000000a49f8ff660:   00000000ec146260 0000000000001000
0x000000a49f8ff670:   00000000c1f4bcb8 0000000000000400
0x000000a49f8ff680:   0000000000000010 0000000000000000
0x000000a49f8ff690:   000000000000000c 000000000000002c
0x000000a49f8ff6a0:   00000000c1f4c5b8 0000000000000000
0x000000a49f8ff6b0:   0000000000000009 00007ffa4512d300
0x000000a49f8ff6c0:   00000261f1daff00 00007ffa45120f0e
0x000000a49f8ff6d0:   0000000000000009 00000000c0c96e10
0x000000a49f8ff6e0:   0000000000000040 00000000c0c96e10
0x000000a49f8ff6f0:   00000000c0c96e00 00000261f1daff00
0x000000a49f8ff700:   0000000000000040 00000000c0c96e10
0x000000a49f8ff710:   00000000c0c96c00 000000a49f8ff818
0x000000a49f8ff720:   00000000c0c96dd0 00007ffa451206ec
0x000000a49f8ff730:   000000a49f8ff8b0 000000a49f8ff800
0x000000a49f8ff740:   00000000c0c96c00 00007ffa4511ff28
0x000000a49f8ff750:   00000000c0ca0000 000000010060fb98
0x000000a49f8ff760:   00000000c0ca0000 000000a49f8ff8c0
0x000000a49f8ff770:   00000261ddf7b810 00000000c0c90000
0x000000a49f8ff780:   000000a49f8ff818 00007ffa4511f148
0x000000a49f8ff790:   0000020000000009 ffffffffffffffff
0x000000a49f8ff7a0:   ffffffffffffffff ffffffffffffffff
0x000000a49f8ff7b0:   ffffffffffffffff ffffffffffffffff
0x000000a49f8ff7c0:   ffffffffffffffff ff00ffffffffffff
0x000000a49f8ff7d0:   ffffffffffffffff 00ffffffffffffff 

Instructions: (pc=0x00007ffa4512db1e)
0x00007ffa4512da1e:   00 00 8b 03 48 3b 05 47 80 4e 00 72 0c 48 8d 53
0x00007ffa4512da2e:   01 48 8b cf e8 29 2f ff ff 48 83 c3 04 48 3b de
0x00007ffa4512da3e:   72 e0 eb 3e 80 3d 9e d9 4c 00 00 49 0f 45 ce 48
0x00007ffa4512da4e:   03 cb 48 8d 34 f1 48 8d 1c c1 48 3b de 73 23 0f
0x00007ffa4512da5e:   1f 00 48 8b 05 01 80 4e 00 48 39 03 72 0b 48 8b
0x00007ffa4512da6e:   d3 48 8b cf e8 e9 2e ff ff 48 83 c3 08 48 3b de
0x00007ffa4512da7e:   72 e0 48 8b 5c 24 30 48 8b 6c 24 38 48 8b 74 24
0x00007ffa4512da8e:   40 48 8b 7c 24 48 48 83 c4 20 41 5e c3 cc cc cc
0x00007ffa4512da9e:   cc cc 48 83 ec 48 44 0f b6 0d 3b d9 4c 00 4c 8b
0x00007ffa4512daae:   d9 8b 0d 43 18 46 00 4c 8b 15 34 18 46 00 45 84
0x00007ffa4512dabe:   c9 74 0f 44 8b 42 08 41 8b c0 48 d3 e0 49 03 c2
0x00007ffa4512dace:   eb 07 48 8b 42 08 44 8b c0 81 78 08 00 00 00 c0
0x00007ffa4512dade:   73 42 48 8b 05 69 7f 4e 00 48 89 44 24 28 48 8d
0x00007ffa4512daee:   05 3d 67 2f 00 48 89 44 24 20 4c 89 5c 24 30 45
0x00007ffa4512dafe:   84 c9 74 08 49 d3 e0 4d 03 c2 eb 04 4c 8b 42 08
0x00007ffa4512db0e:   49 63 40 0c 4c 8d 0d 97 6c 47 00 48 8d 4c 24 20
0x00007ffa4512db1e:   41 ff 14 c1 48 83 c4 48 c3 cc cc cc cc cc cc cc
0x00007ffa4512db2e:   cc cc 40 53 48 83 ec 30 48 8b 05 fb 7e 4e 00 48
0x00007ffa4512db3e:   8b d9 48 8b 50 30 48 89 54 24 20 48 8d 54 24 20
0x00007ffa4512db4e:   48 c7 44 24 28 00 00 00 00 0f 28 44 24 20 66 0f
0x00007ffa4512db5e:   7f 44 24 20 e8 49 e3 ff ff c6 43 58 00 48 8d 4b
0x00007ffa4512db6e:   28 48 8b 05 ba 7e 4e 00 48 8b 90 98 00 00 00 48
0x00007ffa4512db7e:   8b 42 30 48 8d 54 24 20 48 89 44 24 20 48 c7 44
0x00007ffa4512db8e:   24 28 00 00 00 00 0f 28 44 24 20 66 0f 7f 44 24
0x00007ffa4512db9e:   20 e8 0c e3 ff ff 48 8d 8b 08 06 00 00 c6 43 59
0x00007ffa4512dbae:   00 48 8b 01 48 83 c4 30 5b 48 ff 60 08 cc cc cc
0x00007ffa4512dbbe:   cc cc 48 8b 15 41 4a 50 00 48 8b 0d 5a 7e 4e 00
0x00007ffa4512dbce:   48 81 c2 a0 00 00 00 e9 56 d0 fe ff cc cc cc cc
0x00007ffa4512dbde:   cc cc 8b 05 ba d7 4c 00 48 69 c0 80 06 00 00 48
0x00007ffa4512dbee:   03 05 24 7e 4e 00 c3 cc cc cc cc cc cc cc cc cc
0x00007ffa4512dbfe:   cc cc 48 3b 15 61 7e 4e 00 72 0c 48 8b 02 24 03
0x00007ffa4512dc0e:   3c 03 74 03 32 c0 c3 b0 01 c3 cc cc cc cc cc cc 


Stack slot to memory mapping:
stack at sp + 0 slots: 0x0000000000000009 is an unknown value
stack at sp + 1 slots: 0x0000000000000005 is an unknown value
stack at sp + 2 slots: 0x0000000000000001 is an unknown value
stack at sp + 3 slots: 0x00007ffa450fa933 jvm.dll
stack at sp + 4 slots: 0x00007ffa45424230 jvm.dll
stack at sp + 5 slots: 0x00000261ddf97fc0 points into unknown readable memory: 0x00007ffa45425da0 | a0 5d 42 45 fa 7f 00 00
stack at sp + 6 slots: 0x00000261f1daff00 points into unknown readable memory: 0x00007ffa45425038 | 38 50 42 45 fa 7f 00 00
stack at sp + 7 slots: 0x00007ffa45120289 jvm.dll


---------------  P R O C E S S  ---------------

Threads class SMR info:
_java_thread_list=0x00000261f78cc420, length=36, elements={
0x00000261ddf891a0, 0x00000261f1dc8740, 0x00000261f1dca850, 0x00000261f1df3270,
0x00000261f1df40f0, 0x00000261f1df4f70, 0x00000261f1df8a50, 0x00000261f1dfa660,
0x00000261f70214b0, 0x00000261f7026190, 0x00000261de045cd0, 0x00000261f72c47f0,
0x00000261f7eafcc0, 0x00000261f7b60970, 0x00000261f7a18800, 0x00000261f7f62090,
0x00000261f7e81690, 0x00000261f7550170, 0x00000261f7550b90, 0x00000261f7551ac0,
0x00000261f7552f00, 0x00000261f7550680, 0x00000261f75510a0, 0x00000261f754f750,
0x00000261f754fc60, 0x00000261f75529f0, 0x00000261f75515b0, 0x00000261f869dfb0,
0x00000261f869f3f0, 0x00000261f869f900, 0x00000261f869d080, 0x00000261f869e4c0,
0x00000261f86a35c0, 0x00000261f869d590, 0x00000261f86a44f0, 0x00000261f869e9d0
}

Java Threads: ( => current thread )
  0x00000261ddf891a0 JavaThread "main" [_thread_blocked, id=1576, stack(0x000000a49e900000,0x000000a49ea00000)]
  0x00000261f1dc8740 JavaThread "Reference Handler" daemon [_thread_blocked, id=7708, stack(0x000000a49ec00000,0x000000a49ed00000)]
  0x00000261f1dca850 JavaThread "Finalizer" daemon [_thread_blocked, id=5860, stack(0x000000a49ed00000,0x000000a49ee00000)]
  0x00000261f1df3270 JavaThread "Signal Dispatcher" daemon [_thread_blocked, id=6472, stack(0x000000a49ee00000,0x000000a49ef00000)]
  0x00000261f1df40f0 JavaThread "Attach Listener" daemon [_thread_blocked, id=9796, stack(0x000000a49ef00000,0x000000a49f000000)]
  0x00000261f1df4f70 JavaThread "Service Thread" daemon [_thread_blocked, id=9944, stack(0x000000a49f000000,0x000000a49f100000)]
  0x00000261f1df8a50 JavaThread "Monitor Deflation Thread" daemon [_thread_blocked, id=7828, stack(0x000000a49f100000,0x000000a49f200000)]
  0x00000261f1dfa660 JavaThread "C2 CompilerThread0" daemon [_thread_blocked, id=10056, stack(0x000000a49f200000,0x000000a49f300000)]
  0x00000261f70214b0 JavaThread "C1 CompilerThread0" daemon [_thread_blocked, id=2572, stack(0x000000a49f300000,0x000000a49f400000)]
  0x00000261f7026190 JavaThread "Sweeper thread" daemon [_thread_blocked, id=9592, stack(0x000000a49f400000,0x000000a49f500000)]
  0x00000261de045cd0 JavaThread "Common-Cleaner" daemon [_thread_blocked, id=8780, stack(0x000000a49f500000,0x000000a49f600000)]
  0x00000261f72c47f0 JavaThread "Notification Thread" daemon [_thread_blocked, id=6932, stack(0x000000a49f600000,0x000000a49f700000)]
  0x00000261f7eafcc0 JavaThread "Active Thread: Equinox Container: c7c710c2-38ff-4e04-a2e7-ca500349e06c" [_thread_blocked, id=792, stack(0x000000a49fb00000,0x000000a49fc00000)]
  0x00000261f7b60970 JavaThread "Framework Event Dispatcher: Equinox Container: c7c710c2-38ff-4e04-a2e7-ca500349e06c" daemon [_thread_blocked, id=2956, stack(0x000000a49fc00000,0x000000a49fd00000)]
  0x00000261f7a18800 JavaThread "Start Level: Equinox Container: c7c710c2-38ff-4e04-a2e7-ca500349e06c" daemon [_thread_blocked, id=9248, stack(0x000000a49fd00000,0x000000a49fe00000)]
  0x00000261f7f62090 JavaThread "Bundle File Closer" daemon [_thread_blocked, id=6412, stack(0x000000a49ff00000,0x000000a4a0000000)]
  0x00000261f7e81690 JavaThread "SCR Component Actor" daemon [_thread_blocked, id=1840, stack(0x000000a49fe00000,0x000000a49ff00000)]
  0x00000261f7550170 JavaThread "Worker-JM" [_thread_blocked, id=2544, stack(0x000000a4a0100000,0x000000a4a0200000)]
  0x00000261f7550b90 JavaThread "JNA Cleaner" daemon [_thread_blocked, id=32, stack(0x000000a4a0200000,0x000000a4a0300000)]
  0x00000261f7551ac0 JavaThread "Worker-0: Classpath Update Job" [_thread_blocked, id=3272, stack(0x000000a4a0300000,0x000000a4a0400000)]
  0x00000261f7552f00 JavaThread "Worker-1" [_thread_blocked, id=8040, stack(0x000000a4a0400000,0x000000a4a0500000)]
  0x00000261f7550680 JavaThread "Worker-2: Initialize workspace" [_thread_blocked, id=7156, stack(0x000000a4a0600000,0x000000a4a0700000)]
  0x00000261f75510a0 JavaThread "Java indexing" daemon [_thread_blocked, id=5404, stack(0x000000a4a0700000,0x000000a4a0800000)]
  0x00000261f754f750 JavaThread "Thread-2" daemon [_thread_in_native, id=9568, stack(0x000000a4a0a00000,0x000000a4a0b00000)]
  0x00000261f754fc60 JavaThread "Thread-3" daemon [_thread_in_native, id=3620, stack(0x000000a4a0b00000,0x000000a4a0c00000)]
  0x00000261f75529f0 JavaThread "Thread-4" daemon [_thread_in_native, id=3260, stack(0x000000a4a0c00000,0x000000a4a0d00000)]
  0x00000261f75515b0 JavaThread "Thread-5" daemon [_thread_in_native, id=3932, stack(0x000000a4a0d00000,0x000000a4a0e00000)]
  0x00000261f869dfb0 JavaThread "Thread-6" daemon [_thread_in_native, id=4664, stack(0x000000a4a0e00000,0x000000a4a0f00000)]
  0x00000261f869f3f0 JavaThread "pool-2-thread-1" [_thread_blocked, id=7408, stack(0x000000a4a0f00000,0x000000a4a1000000)]
  0x00000261f869f900 JavaThread "WorkspaceEventsHandler" [_thread_blocked, id=4600, stack(0x000000a4a1000000,0x000000a4a1100000)]
  0x00000261f869d080 JavaThread "pool-1-thread-1" [_thread_blocked, id=5588, stack(0x000000a4a1100000,0x000000a4a1200000)]
  0x00000261f869e4c0 JavaThread "ForkJoinPool.commonPool-worker-1" daemon [_thread_blocked, id=6100, stack(0x000000a4a0000000,0x000000a4a0100000)]
  0x00000261f86a35c0 JavaThread "Worker-3: Java indexing... " [_thread_blocked, id=5104, stack(0x000000a4a0500000,0x000000a4a0600000)]
  0x00000261f869d590 JavaThread "Worker-4" [_thread_blocked, id=2736, stack(0x000000a4a1300000,0x000000a4a1400000)]
  0x00000261f86a44f0 JavaThread "Worker-5" [_thread_blocked, id=10124, stack(0x000000a4a1400000,0x000000a4a1500000)]
  0x00000261f869e9d0 JavaThread "SCR Component Registry" daemon [_thread_blocked, id=3976, stack(0x000000a4a1500000,0x000000a4a1600000)]

Other Threads:
  0x00000261f1db3980 VMThread "VM Thread" [stack: 0x000000a49eb00000,0x000000a49ec00000] [id=5148]
  0x00000261f72c4cd0 WatcherThread [stack: 0x000000a49f700000,0x000000a49f800000] [id=9808]
  0x00000261ddf9f300 GCTaskThread "GC Thread#0" [stack: 0x000000a49ea00000,0x000000a49eb00000] [id=3600]
=>0x00000261f75fc330 GCTaskThread "GC Thread#1" [stack: 0x000000a49f800000,0x000000a49f900000] [id=5132]
  0x00000261f77ee020 GCTaskThread "GC Thread#2" [stack: 0x000000a49f900000,0x000000a49fa00000] [id=1848]
  0x00000261f75836c0 GCTaskThread "GC Thread#3" [stack: 0x000000a49fa00000,0x000000a49fb00000] [id=9860]

Threads with active compile tasks:

VM state: at safepoint (normal execution)

VM Mutex/Monitor currently owned by a thread:  ([mutex/lock_event])
[0x00000261ddf78a20] Threads_lock - owner thread: 0x00000261f1db3980
[0x00000261ddf78c60] Heap_lock - owner thread: 0x00000261f869d080

Heap address: 0x00000000c0000000, size: 1024 MB, Compressed Oops mode: 32-bit

CDS archive(s) not mapped
Compressed class space mapped at: 0x0000000100000000-0x0000000140000000, reserved size: 1073741824
Narrow klass base: 0x0000000000000000, Narrow klass shift: 3, Narrow klass range: 0x140000000

GC Precious Log:
 CPUs: 4 total, 4 available
 Memory: 8052M
 Large Page Support: Disabled
 NUMA Support: Disabled
 Compressed Oops: Enabled (32-bit)
 Alignments: Space 512K, Generation 512K, Heap 2M
 Heap Min Capacity: 100M
 Heap Initial Capacity: 100M
 Heap Max Capacity: 1G
 Pre-touch: Disabled
 Parallel Workers: 4

Heap:
 PSYoungGen      total 23552K, used 22309K [0x00000000eab00000, 0x00000000ec500000, 0x0000000100000000)
  eden space 22016K, 96% used [0x00000000eab00000,0x00000000ebfa9570,0x00000000ec080000)
  from space 1536K, 75% used [0x00000000ec380000,0x00000000ec4a0020,0x00000000ec500000)
  to   space 2048K, 56% used [0x00000000ec100000,0x00000000ec222270,0x00000000ec300000)
 ParOldGen       total 68608K, used 32667K [0x00000000c0000000, 0x00000000c4300000, 0x00000000eab00000)
  object space 68608K, 47% used [0x00000000c0000000,0x00000000c1fe6e78,0x00000000c4300000)
 Metaspace       used 58617K, committed 59776K, reserved 1114112K
  class space    used 6346K, committed 6848K, reserved 1048576K

Card table byte_map: [0x00000261dd930000,0x00000261ddb40000] _byte_map_base: 0x00000261dd330000

Marking Bits: (ParMarkBitMap*) 0x00007ffa456158b0
 Begin Bits: [0x00000261efc30000, 0x00000261f0c30000)
 End Bits:   [0x00000261f0c30000, 0x00000261f1c30000)

Polling page: 0x00000261dc0e0000

Metaspace:

Usage:
  Non-class:     51.05 MB used.
      Class:      6.20 MB used.
       Both:     57.24 MB used.

Virtual space:
  Non-class space:       64.00 MB reserved,      51.69 MB ( 81%) committed,  1 nodes.
      Class space:        1.00 GB reserved,       6.69 MB ( <1%) committed,  1 nodes.
             Both:        1.06 GB reserved,      58.38 MB (  5%) committed. 

Chunk freelists:
   Non-Class:  12.12 MB
       Class:  9.27 MB
        Both:  21.39 MB

MaxMetaspaceSize: unlimited
CompressedClassSpaceSize: 1.00 GB
Initial GC threshold: 21.00 MB
Current GC threshold: 58.38 MB
CDS: off
MetaspaceReclaimPolicy: balanced
 - commit_granule_bytes: 65536.
 - commit_granule_words: 8192.
 - virtual_space_node_default_size: 8388608.
 - enlarge_chunks_in_place: 1.
 - new_chunks_are_fully_committed: 0.
 - uncommit_free_chunks: 1.
 - use_allocation_guard: 0.
 - handle_deallocations: 1.


Internal statistics:

num_allocs_failed_limit: 9.
num_arena_births: 786.
num_arena_deaths: 14.
num_vsnodes_births: 2.
num_vsnodes_deaths: 0.
num_space_committed: 934.
num_space_uncommitted: 0.
num_chunks_returned_to_freelist: 23.
num_chunks_taken_from_freelist: 3146.
num_chunk_merges: 15.
num_chunk_splits: 1944.
num_chunks_enlarged: 1110.
num_inconsistent_stats: 0.

CodeHeap 'non-profiled nmethods': size=120000Kb used=3912Kb max_used=3912Kb free=116087Kb
 bounds [0x00000261e8700000, 0x00000261e8ae0000, 0x00000261efc30000]
CodeHeap 'profiled nmethods': size=120000Kb used=13897Kb max_used=13897Kb free=106102Kb
 bounds [0x00000261e0c30000, 0x00000261e19d0000, 0x00000261e8160000]
CodeHeap 'non-nmethods': size=5760Kb used=1321Kb max_used=1352Kb free=4438Kb
 bounds [0x00000261e8160000, 0x00000261e83d0000, 0x00000261e8700000]
 total_blobs=7312 nmethods=6649 adapters=576
 compilation: enabled
              stopped_count=0, restarted_count=0
 full_count=0

Compilation events (20 events):
Event: 27.738 Thread 0x00000261f70214b0 7449       3       org.eclipse.sisu.inject.MildConcurrentValues::compact (36 bytes)
Event: 27.738 Thread 0x00000261f70214b0 nmethod 7449 0x00000261e19be890 code [0x00000261e19bea80, 0x00000261e19bf128]
Event: 27.738 Thread 0x00000261f70214b0 7450       3       org.eclipse.sisu.inject.Implementations::adaptJsr250 (39 bytes)
Event: 27.739 Thread 0x00000261f70214b0 nmethod 7450 0x00000261e19bf390 code [0x00000261e19bf5a0, 0x00000261e19bfcf8]
Event: 27.741 Thread 0x00000261f70214b0 7451       3       java.nio.channels.spi.AbstractInterruptibleChannel::isOpen (13 bytes)
Event: 27.741 Thread 0x00000261f70214b0 nmethod 7451 0x00000261e19bff90 code [0x00000261e19c0120, 0x00000261e19c0298]
Event: 27.747 Thread 0x00000261f70214b0 7452       3       org.eclipse.jdt.internal.compiler.util.HashtableOfObject::putUnsafely (78 bytes)
Event: 27.748 Thread 0x00000261f70214b0 nmethod 7452 0x00000261e19c0310 code [0x00000261e19c0500, 0x00000261e19c0b18]
Event: 27.749 Thread 0x00000261f70214b0 7453       3       org.eclipse.sisu.inject.Weak::elements (6 bytes)
Event: 27.749 Thread 0x00000261f70214b0 nmethod 7453 0x00000261e19c0d90 code [0x00000261e19c0f20, 0x00000261e19c1048]
Event: 27.749 Thread 0x00000261f70214b0 7454       3       org.eclipse.sisu.inject.Weak::elements (17 bytes)
Event: 27.749 Thread 0x00000261f70214b0 nmethod 7454 0x00000261e19c1110 code [0x00000261e19c1300, 0x00000261e19c1888]
Event: 27.750 Thread 0x00000261f70214b0 7455       3       org.eclipse.sisu.inject.MildValues$Weak::<init> (12 bytes)
Event: 27.750 Thread 0x00000261f70214b0 nmethod 7455 0x00000261e19c1a90 code [0x00000261e19c1c60, 0x00000261e19c2088]
Event: 27.750 Thread 0x00000261f70214b0 7456       3       java.nio.charset.CharsetDecoder::implReplaceWith (1 bytes)
Event: 27.750 Thread 0x00000261f70214b0 nmethod 7456 0x00000261e19c2210 code [0x00000261e19c23a0, 0x00000261e19c24b8]
Event: 27.751 Thread 0x00000261f70214b0 7457       1       org.codehaus.plexus.util.xml.pull.MXParser::getLineNumber (5 bytes)
Event: 27.751 Thread 0x00000261f70214b0 nmethod 7457 0x00000261e8ad1c90 code [0x00000261e8ad1e20, 0x00000261e8ad1ef8]
Event: 27.751 Thread 0x00000261f70214b0 7458       1       org.codehaus.plexus.util.xml.pull.MXParser::getColumnNumber (5 bytes)
Event: 27.751 Thread 0x00000261f70214b0 nmethod 7458 0x00000261e8ad1f90 code [0x00000261e8ad2120, 0x00000261e8ad21f8]

GC Heap History (20 events):
Event: 14.240 GC heap after
{Heap after GC invocations=17 (full 2):
 PSYoungGen      total 23040K, used 944K [0x00000000eab00000, 0x00000000ec480000, 0x0000000100000000)
  eden space 22016K, 0% used [0x00000000eab00000,0x00000000eab00000,0x00000000ec080000)
  from space 1024K, 92% used [0x00000000ec300000,0x00000000ec3ec010,0x00000000ec400000)
  to   space 512K, 0% used [0x00000000ec400000,0x00000000ec400000,0x00000000ec480000)
 ParOldGen       total 68608K, used 17326K [0x00000000c0000000, 0x00000000c4300000, 0x00000000eab00000)
  object space 68608K, 25% used [0x00000000c0000000,0x00000000c10eb9c8,0x00000000c4300000)
 Metaspace       used 45009K, committed 46016K, reserved 1114112K
  class space    used 4742K, committed 5248K, reserved 1048576K
}
Event: 14.597 GC heap before
{Heap before GC invocations=18 (full 2):
 PSYoungGen      total 23040K, used 22960K [0x00000000eab00000, 0x00000000ec480000, 0x0000000100000000)
  eden space 22016K, 100% used [0x00000000eab00000,0x00000000ec080000,0x00000000ec080000)
  from space 1024K, 92% used [0x00000000ec300000,0x00000000ec3ec010,0x00000000ec400000)
  to   space 512K, 0% used [0x00000000ec400000,0x00000000ec400000,0x00000000ec480000)
 ParOldGen       total 68608K, used 17326K [0x00000000c0000000, 0x00000000c4300000, 0x00000000eab00000)
  object space 68608K, 25% used [0x00000000c0000000,0x00000000c10eb9c8,0x00000000c4300000)
 Metaspace       used 46215K, committed 47296K, reserved 1114112K
  class space    used 4899K, committed 5376K, reserved 1048576K
}
Event: 14.602 GC heap after
{Heap after GC invocations=18 (full 2):
 PSYoungGen      total 22528K, used 493K [0x00000000eab00000, 0x00000000ec680000, 0x0000000100000000)
  eden space 22016K, 0% used [0x00000000eab00000,0x00000000eab00000,0x00000000ec080000)
  from space 512K, 96% used [0x00000000ec400000,0x00000000ec47b678,0x00000000ec480000)
  to   space 3072K, 0% used [0x00000000ec080000,0x00000000ec080000,0x00000000ec380000)
 ParOldGen       total 68608K, used 19506K [0x00000000c0000000, 0x00000000c4300000, 0x00000000eab00000)
  object space 68608K, 28% used [0x00000000c0000000,0x00000000c130cbb8,0x00000000c4300000)
 Metaspace       used 46215K, committed 47296K, reserved 1114112K
  class space    used 4899K, committed 5376K, reserved 1048576K
}
Event: 15.148 GC heap before
{Heap before GC invocations=19 (full 2):
 PSYoungGen      total 22528K, used 22509K [0x00000000eab00000, 0x00000000ec680000, 0x0000000100000000)
  eden space 22016K, 100% used [0x00000000eab00000,0x00000000ec080000,0x00000000ec080000)
  from space 512K, 96% used [0x00000000ec400000,0x00000000ec47b678,0x00000000ec480000)
  to   space 3072K, 0% used [0x00000000ec080000,0x00000000ec080000,0x00000000ec380000)
 ParOldGen       total 68608K, used 19506K [0x00000000c0000000, 0x00000000c4300000, 0x00000000eab00000)
  object space 68608K, 28% used [0x00000000c0000000,0x00000000c130cbb8,0x00000000c4300000)
 Metaspace       used 47769K, committed 48832K, reserved 1114112K
  class space    used 5114K, committed 5632K, reserved 1048576K
}
Event: 15.155 GC heap after
{Heap after GC invocations=19 (full 2):
 PSYoungGen      total 24064K, used 1814K [0x00000000eab00000, 0x00000000ec580000, 0x0000000100000000)
  eden space 22016K, 0% used [0x00000000eab00000,0x00000000eab00000,0x00000000ec080000)
  from space 2048K, 88% used [0x00000000ec080000,0x00000000ec245ba8,0x00000000ec280000)
  to   space 2560K, 0% used [0x00000000ec300000,0x00000000ec300000,0x00000000ec580000)
 ParOldGen       total 68608K, used 19968K [0x00000000c0000000, 0x00000000c4300000, 0x00000000eab00000)
  object space 68608K, 29% used [0x00000000c0000000,0x00000000c1380088,0x00000000c4300000)
 Metaspace       used 47769K, committed 48832K, reserved 1114112K
  class space    used 5114K, committed 5632K, reserved 1048576K
}
Event: 17.413 GC heap before
{Heap before GC invocations=20 (full 2):
 PSYoungGen      total 24064K, used 23830K [0x00000000eab00000, 0x00000000ec580000, 0x0000000100000000)
  eden space 22016K, 100% used [0x00000000eab00000,0x00000000ec080000,0x00000000ec080000)
  from space 2048K, 88% used [0x00000000ec080000,0x00000000ec245ba8,0x00000000ec280000)
  to   space 2560K, 0% used [0x00000000ec300000,0x00000000ec300000,0x00000000ec580000)
 ParOldGen       total 68608K, used 19968K [0x00000000c0000000, 0x00000000c4300000, 0x00000000eab00000)
  object space 68608K, 29% used [0x00000000c0000000,0x00000000c1380088,0x00000000c4300000)
 Metaspace       used 50484K, committed 51584K, reserved 1114112K
  class space    used 5450K, committed 5952K, reserved 1048576K
}
Event: 17.419 GC heap after
{Heap after GC invocations=20 (full 2):
 PSYoungGen      total 24576K, used 2087K [0x00000000eab00000, 0x00000000ec580000, 0x0000000100000000)
  eden space 22016K, 0% used [0x00000000eab00000,0x00000000eab00000,0x00000000ec080000)
  from space 2560K, 81% used [0x00000000ec300000,0x00000000ec509c50,0x00000000ec580000)
  to   space 2560K, 0% used [0x00000000ec080000,0x00000000ec080000,0x00000000ec300000)
 ParOldGen       total 68608K, used 21687K [0x00000000c0000000, 0x00000000c4300000, 0x00000000eab00000)
  object space 68608K, 31% used [0x00000000c0000000,0x00000000c152dc50,0x00000000c4300000)
 Metaspace       used 50484K, committed 51584K, reserved 1114112K
  class space    used 5450K, committed 5952K, reserved 1048576K
}
Event: 19.472 GC heap before
{Heap before GC invocations=21 (full 2):
 PSYoungGen      total 24576K, used 24103K [0x00000000eab00000, 0x00000000ec580000, 0x0000000100000000)
  eden space 22016K, 100% used [0x00000000eab00000,0x00000000ec080000,0x00000000ec080000)
  from space 2560K, 81% used [0x00000000ec300000,0x00000000ec509c50,0x00000000ec580000)
  to   space 2560K, 0% used [0x00000000ec080000,0x00000000ec080000,0x00000000ec300000)
 ParOldGen       total 68608K, used 21687K [0x00000000c0000000, 0x00000000c4300000, 0x00000000eab00000)
  object space 68608K, 31% used [0x00000000c0000000,0x00000000c152dc50,0x00000000c4300000)
 Metaspace       used 52006K, committed 53120K, reserved 1114112K
  class space    used 5611K, committed 6144K, reserved 1048576K
}
Event: 19.482 GC heap after
{Heap after GC invocations=21 (full 2):
 PSYoungGen      total 23040K, used 816K [0x00000000eab00000, 0x00000000ec380000, 0x0000000100000000)
  eden space 22016K, 0% used [0x00000000eab00000,0x00000000eab00000,0x00000000ec080000)
  from space 1024K, 79% used [0x00000000ec080000,0x00000000ec14c010,0x00000000ec180000)
  to   space 1536K, 0% used [0x00000000ec200000,0x00000000ec200000,0x00000000ec380000)
 ParOldGen       total 68608K, used 23677K [0x00000000c0000000, 0x00000000c4300000, 0x00000000eab00000)
  object space 68608K, 34% used [0x00000000c0000000,0x00000000c171f668,0x00000000c4300000)
 Metaspace       used 52006K, committed 53120K, reserved 1114112K
  class space    used 5611K, committed 6144K, reserved 1048576K
}
Event: 22.490 GC heap before
{Heap before GC invocations=22 (full 2):
 PSYoungGen      total 23040K, used 22750K [0x00000000eab00000, 0x00000000ec380000, 0x0000000100000000)
  eden space 22016K, 99% used [0x00000000eab00000,0x00000000ec06ba60,0x00000000ec080000)
  from space 1024K, 79% used [0x00000000ec080000,0x00000000ec14c010,0x00000000ec180000)
  to   space 1536K, 0% used [0x00000000ec200000,0x00000000ec200000,0x00000000ec380000)
 ParOldGen       total 68608K, used 23677K [0x00000000c0000000, 0x00000000c4300000, 0x00000000eab00000)
  object space 68608K, 34% used [0x00000000c0000000,0x00000000c171f668,0x00000000c4300000)
 Metaspace       used 53547K, committed 54784K, reserved 1114112K
  class space    used 5774K, committed 6336K, reserved 1048576K
}
Event: 22.493 GC heap after
{Heap after GC invocations=22 (full 2):
 PSYoungGen      total 23552K, used 1175K [0x00000000eab00000, 0x00000000ec380000, 0x0000000100000000)
  eden space 22016K, 0% used [0x00000000eab00000,0x00000000eab00000,0x00000000ec080000)
  from space 1536K, 76% used [0x00000000ec200000,0x00000000ec325fe8,0x00000000ec380000)
  to   space 1536K, 0% used [0x00000000ec080000,0x00000000ec080000,0x00000000ec200000)
 ParOldGen       total 68608K, used 24359K [0x00000000c0000000, 0x00000000c4300000, 0x00000000eab00000)
  object space 68608K, 35% used [0x00000000c0000000,0x00000000c17c9f18,0x00000000c4300000)
 Metaspace       used 53547K, committed 54784K, reserved 1114112K
  class space    used 5774K, committed 6336K, reserved 1048576K
}
Event: 23.754 GC heap before
{Heap before GC invocations=23 (full 2):
 PSYoungGen      total 23552K, used 23191K [0x00000000eab00000, 0x00000000ec380000, 0x0000000100000000)
  eden space 22016K, 100% used [0x00000000eab00000,0x00000000ec080000,0x00000000ec080000)
  from space 1536K, 76% used [0x00000000ec200000,0x00000000ec325fe8,0x00000000ec380000)
  to   space 1536K, 0% used [0x00000000ec080000,0x00000000ec080000,0x00000000ec200000)
 ParOldGen       total 68608K, used 24359K [0x00000000c0000000, 0x00000000c4300000, 0x00000000eab00000)
  object space 68608K, 35% used [0x00000000c0000000,0x00000000c17c9f18,0x00000000c4300000)
 Metaspace       used 54638K, committed 55872K, reserved 1114112K
  class space    used 5894K, committed 6464K, reserved 1048576K
}
Event: 23.758 GC heap after
{Heap after GC invocations=23 (full 2):
 PSYoungGen      total 23552K, used 1504K [0x00000000eab00000, 0x00000000ec680000, 0x0000000100000000)
  eden space 22016K, 0% used [0x00000000eab00000,0x00000000eab00000,0x00000000ec080000)
  from space 1536K, 97% used [0x00000000ec080000,0x00000000ec1f8020,0x00000000ec200000)
  to   space 3072K, 0% used [0x00000000ec380000,0x00000000ec380000,0x00000000ec680000)
 ParOldGen       total 68608K, used 25630K [0x00000000c0000000, 0x00000000c4300000, 0x00000000eab00000)
  object space 68608K, 37% used [0x00000000c0000000,0x00000000c19079a0,0x00000000c4300000)
 Metaspace       used 54638K, committed 55872K, reserved 1114112K
  class space    used 5894K, committed 6464K, reserved 1048576K
}
Event: 24.676 GC heap before
{Heap before GC invocations=24 (full 2):
 PSYoungGen      total 23552K, used 23520K [0x00000000eab00000, 0x00000000ec680000, 0x0000000100000000)
  eden space 22016K, 100% used [0x00000000eab00000,0x00000000ec080000,0x00000000ec080000)
  from space 1536K, 97% used [0x00000000ec080000,0x00000000ec1f8020,0x00000000ec200000)
  to   space 3072K, 0% used [0x00000000ec380000,0x00000000ec380000,0x00000000ec680000)
 ParOldGen       total 68608K, used 25630K [0x00000000c0000000, 0x00000000c4300000, 0x00000000eab00000)
  object space 68608K, 37% used [0x00000000c0000000,0x00000000c19079a0,0x00000000c4300000)
 Metaspace       used 54725K, committed 55936K, reserved 1114112K
  class space    used 5898K, committed 6464K, reserved 1048576K
}
Event: 24.681 GC heap after
{Heap after GC invocations=24 (full 2):
 PSYoungGen      total 24576K, used 2176K [0x00000000eab00000, 0x00000000ec600000, 0x0000000100000000)
  eden space 22016K, 0% used [0x00000000eab00000,0x00000000eab00000,0x00000000ec080000)
  from space 2560K, 85% used [0x00000000ec380000,0x00000000ec5a0010,0x00000000ec600000)
  to   space 2560K, 0% used [0x00000000ec100000,0x00000000ec100000,0x00000000ec380000)
 ParOldGen       total 68608K, used 27120K [0x00000000c0000000, 0x00000000c4300000, 0x00000000eab00000)
  object space 68608K, 39% used [0x00000000c0000000,0x00000000c1a7c350,0x00000000c4300000)
 Metaspace       used 54725K, committed 55936K, reserved 1114112K
  class space    used 5898K, committed 6464K, reserved 1048576K
}
Event: 25.393 GC heap before
{Heap before GC invocations=25 (full 2):
 PSYoungGen      total 24576K, used 24192K [0x00000000eab00000, 0x00000000ec600000, 0x0000000100000000)
  eden space 22016K, 100% used [0x00000000eab00000,0x00000000ec080000,0x00000000ec080000)
  from space 2560K, 85% used [0x00000000ec380000,0x00000000ec5a0010,0x00000000ec600000)
  to   space 2560K, 0% used [0x00000000ec100000,0x00000000ec100000,0x00000000ec380000)
 ParOldGen       total 68608K, used 27120K [0x00000000c0000000, 0x00000000c4300000, 0x00000000eab00000)
  object space 68608K, 39% used [0x00000000c0000000,0x00000000c1a7c350,0x00000000c4300000)
 Metaspace       used 55267K, committed 56448K, reserved 1114112K
  class space    used 5946K, committed 6464K, reserved 1048576K
}
Event: 25.398 GC heap after
{Heap after GC invocations=25 (full 2):
 PSYoungGen      total 24576K, used 2541K [0x00000000eab00000, 0x00000000ec680000, 0x0000000100000000)
  eden space 22016K, 0% used [0x00000000eab00000,0x00000000eab00000,0x00000000ec080000)
  from space 2560K, 99% used [0x00000000ec100000,0x00000000ec37b540,0x00000000ec380000)
  to   space 3072K, 0% used [0x00000000ec380000,0x00000000ec380000,0x00000000ec680000)
 ParOldGen       total 68608K, used 29168K [0x00000000c0000000, 0x00000000c4300000, 0x00000000eab00000)
  object space 68608K, 42% used [0x00000000c0000000,0x00000000c1c7c350,0x00000000c4300000)
 Metaspace       used 55267K, committed 56448K, reserved 1114112K
  class space    used 5946K, committed 6464K, reserved 1048576K
}
Event: 26.759 GC heap before
{Heap before GC invocations=26 (full 2):
 PSYoungGen      total 24576K, used 24557K [0x00000000eab00000, 0x00000000ec680000, 0x0000000100000000)
  eden space 22016K, 100% used [0x00000000eab00000,0x00000000ec080000,0x00000000ec080000)
  from space 2560K, 99% used [0x00000000ec100000,0x00000000ec37b540,0x00000000ec380000)
  to   space 3072K, 0% used [0x00000000ec380000,0x00000000ec380000,0x00000000ec680000)
 ParOldGen       total 68608K, used 29168K [0x00000000c0000000, 0x00000000c4300000, 0x00000000eab00000)
  object space 68608K, 42% used [0x00000000c0000000,0x00000000c1c7c350,0x00000000c4300000)
 Metaspace       used 57031K, committed 58176K, reserved 1114112K
  class space    used 6150K, committed 6656K, reserved 1048576K
}
Event: 26.767 GC heap after
{Heap after GC invocations=26 (full 2):
 PSYoungGen      total 23552K, used 1152K [0x00000000eab00000, 0x00000000ec500000, 0x0000000100000000)
  eden space 22016K, 0% used [0x00000000eab00000,0x00000000eab00000,0x00000000ec080000)
  from space 1536K, 75% used [0x00000000ec380000,0x00000000ec4a0020,0x00000000ec500000)
  to   space 2048K, 0% used [0x00000000ec100000,0x00000000ec100000,0x00000000ec300000)
 ParOldGen       total 68608K, used 31654K [0x00000000c0000000, 0x00000000c4300000, 0x00000000eab00000)
  object space 68608K, 46% used [0x00000000c0000000,0x00000000c1ee9ae8,0x00000000c4300000)
 Metaspace       used 57031K, committed 58176K, reserved 1114112K
  class space    used 6150K, committed 6656K, reserved 1048576K
}
Event: 27.752 GC heap before
{Heap before GC invocations=27 (full 2):
 PSYoungGen      total 23552K, used 22309K [0x00000000eab00000, 0x00000000ec500000, 0x0000000100000000)
  eden space 22016K, 96% used [0x00000000eab00000,0x00000000ebfa9570,0x00000000ec080000)
  from space 1536K, 75% used [0x00000000ec380000,0x00000000ec4a0020,0x00000000ec500000)
  to   space 2048K, 0% used [0x00000000ec100000,0x00000000ec100000,0x00000000ec300000)
 ParOldGen       total 68608K, used 31654K [0x00000000c0000000, 0x00000000c4300000, 0x00000000eab00000)
  object space 68608K, 46% used [0x00000000c0000000,0x00000000c1ee9ae8,0x00000000c4300000)
 Metaspace       used 58617K, committed 59776K, reserved 1114112K
  class space    used 6346K, committed 6848K, reserved 1048576K
}

Dll operation events (10 events):
Event: 0.013 Loaded shared library c:\Users\Douglas\.vscode\extensions\redhat.java-1.34.0-win32-x64\jre\17.0.12-win32-x86_64\bin\java.dll
Event: 0.538 Loaded shared library c:\Users\Douglas\.vscode\extensions\redhat.java-1.34.0-win32-x64\jre\17.0.12-win32-x86_64\bin\zip.dll
Event: 0.546 Loaded shared library C:\Users\Douglas\.vscode\extensions\redhat.java-1.34.0-win32-x64\jre\17.0.12-win32-x86_64\bin\instrument.dll
Event: 0.622 Loaded shared library C:\Users\Douglas\.vscode\extensions\redhat.java-1.34.0-win32-x64\jre\17.0.12-win32-x86_64\bin\net.dll
Event: 0.626 Loaded shared library C:\Users\Douglas\.vscode\extensions\redhat.java-1.34.0-win32-x64\jre\17.0.12-win32-x86_64\bin\nio.dll
Event: 0.638 Loaded shared library C:\Users\Douglas\.vscode\extensions\redhat.java-1.34.0-win32-x64\jre\17.0.12-win32-x86_64\bin\zip.dll
Event: 0.685 Loaded shared library C:\Users\Douglas\.vscode\extensions\redhat.java-1.34.0-win32-x64\jre\17.0.12-win32-x86_64\bin\jimage.dll
Event: 0.867 Loaded shared library c:\Users\Douglas\.vscode\extensions\redhat.java-1.34.0-win32-x64\jre\17.0.12-win32-x86_64\bin\verify.dll
Event: 4.747 Loaded shared library C:\Users\Douglas\AppData\Roaming\Code\User\globalStorage\redhat.java\1.34.0\config_win\org.eclipse.equinox.launcher\org.eclipse.equinox.launcher.win32.win32.x86_64_1.2.1100.v20240722-2106\eclipse_11904.dll
Event: 8.630 Loaded shared library C:\Users\Douglas\AppData\Local\Temp\jna--785196031\jna8346850135836089455.dll

Deoptimization events (20 events):
Event: 27.008 Thread 0x00000261f7551ac0 DEOPT PACKING pc=0x00000261e89d4be4 sp=0x000000a4a03fe510
Event: 27.008 Thread 0x00000261f7551ac0 DEOPT UNPACKING pc=0x00000261e81b669d sp=0x000000a4a03fe4a0 mode 2
Event: 27.010 Thread 0x00000261f7551ac0 Uncommon trap: trap_request=0xffffffde fr.pc=0x00000261e89d4be4 relative=0x0000000000000064
Event: 27.010 Thread 0x00000261f7551ac0 Uncommon trap: reason=class_check action=maybe_recompile pc=0x00000261e89d4be4 method=com.google.common.cache.LocalCache$Segment.drainRecencyQueue()V @ 4 c2
Event: 27.010 Thread 0x00000261f7551ac0 DEOPT PACKING pc=0x00000261e89d4be4 sp=0x000000a4a03fe170
Event: 27.010 Thread 0x00000261f7551ac0 DEOPT UNPACKING pc=0x00000261e81b669d sp=0x000000a4a03fe100 mode 2
Event: 27.010 Thread 0x00000261f7551ac0 Uncommon trap: trap_request=0xffffffde fr.pc=0x00000261e89d4be4 relative=0x0000000000000064
Event: 27.010 Thread 0x00000261f7551ac0 Uncommon trap: reason=class_check action=maybe_recompile pc=0x00000261e89d4be4 method=com.google.common.cache.LocalCache$Segment.drainRecencyQueue()V @ 4 c2
Event: 27.010 Thread 0x00000261f7551ac0 DEOPT PACKING pc=0x00000261e89d4be4 sp=0x000000a4a03fe130
Event: 27.010 Thread 0x00000261f7551ac0 DEOPT UNPACKING pc=0x00000261e81b669d sp=0x000000a4a03fe0c0 mode 2
Event: 27.010 Thread 0x00000261f7551ac0 Uncommon trap: trap_request=0xffffffde fr.pc=0x00000261e89d4be4 relative=0x0000000000000064
Event: 27.010 Thread 0x00000261f7551ac0 Uncommon trap: reason=class_check action=maybe_recompile pc=0x00000261e89d4be4 method=com.google.common.cache.LocalCache$Segment.drainRecencyQueue()V @ 4 c2
Event: 27.010 Thread 0x00000261f7551ac0 DEOPT PACKING pc=0x00000261e89d4be4 sp=0x000000a4a03fe1e0
Event: 27.010 Thread 0x00000261f7551ac0 DEOPT UNPACKING pc=0x00000261e81b669d sp=0x000000a4a03fe170 mode 2
Event: 27.015 Thread 0x00000261f7551ac0 Uncommon trap: trap_request=0xffffff6e fr.pc=0x00000261e89dc8d8 relative=0x0000000000004eb8
Event: 27.015 Thread 0x00000261f7551ac0 Uncommon trap: reason=loop_limit_check action=maybe_recompile pc=0x00000261e89dc8d8 method=com.google.inject.spi.InjectionPoint.getInjectionPoints(Lcom/google/inject/TypeLiteral;ZLcom/google/inject/internal/Errors;)Ljava/util/Set; @ 34 c2
Event: 27.015 Thread 0x00000261f7551ac0 DEOPT PACKING pc=0x00000261e89dc8d8 sp=0x000000a4a03fb260
Event: 27.015 Thread 0x00000261f7551ac0 DEOPT UNPACKING pc=0x00000261e81b669d sp=0x000000a4a03fb210 mode 2
Event: 27.482 Thread 0x00000261f869d080 DEOPT PACKING pc=0x00000261e0e22093 sp=0x000000a4a11fb880
Event: 27.482 Thread 0x00000261f869d080 DEOPT UNPACKING pc=0x00000261e81b6e24 sp=0x000000a4a11fadb8 mode 0

Classes loaded (20 events):
Event: 25.102 Loading class java/lang/invoke/BoundMethodHandle$Species_LLLLLLLLLLLLL
Event: 25.102 Loading class java/lang/invoke/BoundMethodHandle$Species_LLLLLLLLLLLLL done
Event: 25.323 Loading class java/util/WeakHashMap$KeyIterator
Event: 25.323 Loading class java/util/WeakHashMap$KeyIterator done
Event: 25.434 Loading class java/nio/charset/CharacterCodingException
Event: 25.434 Loading class java/nio/charset/CharacterCodingException done
Event: 25.435 Loading class java/io/SequenceInputStream
Event: 25.435 Loading class java/io/SequenceInputStream done
Event: 25.504 Loading class org/xml/sax/SAXNotRecognizedException
Event: 25.504 Loading class org/xml/sax/SAXNotRecognizedException done
Event: 25.504 Loading class org/xml/sax/SAXNotSupportedException
Event: 25.504 Loading class org/xml/sax/SAXNotSupportedException done
Event: 25.505 Loading class com/sun/org/apache/xerces/internal/util/URI
Event: 25.506 Loading class com/sun/org/apache/xerces/internal/util/URI done
Event: 25.521 Loading class com/sun/org/apache/xerces/internal/xni/XNIException
Event: 25.521 Loading class com/sun/org/apache/xerces/internal/xni/XNIException done
Event: 25.521 Loading class com/sun/org/apache/xerces/internal/xni/parser/XMLParseException
Event: 25.521 Loading class com/sun/org/apache/xerces/internal/xni/parser/XMLParseException done
Event: 25.789 Loading class java/util/Hashtable$KeySet
Event: 25.789 Loading class java/util/Hashtable$KeySet done

Classes unloaded (7 events):
Event: 8.055 Thread 0x00000261f1db3980 Unloading class 0x0000000100248400 'java/lang/invoke/LambdaForm$MH+0x0000000100248400'
Event: 8.055 Thread 0x00000261f1db3980 Unloading class 0x0000000100248000 'java/lang/invoke/LambdaForm$MH+0x0000000100248000'
Event: 8.055 Thread 0x00000261f1db3980 Unloading class 0x0000000100247c00 'java/lang/invoke/LambdaForm$MH+0x0000000100247c00'
Event: 8.055 Thread 0x00000261f1db3980 Unloading class 0x0000000100247800 'java/lang/invoke/LambdaForm$MH+0x0000000100247800'
Event: 8.055 Thread 0x00000261f1db3980 Unloading class 0x0000000100247400 'java/lang/invoke/LambdaForm$BMH+0x0000000100247400'
Event: 8.055 Thread 0x00000261f1db3980 Unloading class 0x0000000100247000 'java/lang/invoke/LambdaForm$DMH+0x0000000100247000'
Event: 8.055 Thread 0x00000261f1db3980 Unloading class 0x0000000100244400 'java/lang/invoke/LambdaForm$DMH+0x0000000100244400'

Classes redefined (0 events):
No events

Internal exceptions (20 events):
Event: 24.875 Thread 0x00000261f869d080 Exception <a 'java/io/FileNotFoundException'{0x00000000eb819360}> (0x00000000eb819360) 
thrown [s\src\hotspot\share\prims\jni.cpp, line 516]
Event: 25.298 Thread 0x00000261f869d080 Exception <a 'sun/nio/fs/WindowsException'{0x00000000ebcdd318}> (0x00000000ebcdd318) 
thrown [s\src\hotspot\share\prims\jni.cpp, line 516]
Event: 25.298 Thread 0x00000261f869d080 Exception <a 'sun/nio/fs/WindowsException'{0x00000000ebcde0f0}> (0x00000000ebcde0f0) 
thrown [s\src\hotspot\share\prims\jni.cpp, line 516]
Event: 25.376 Thread 0x00000261f869d080 Exception <a 'java/io/FileNotFoundException'{0x00000000ebf41338}> (0x00000000ebf41338) 
thrown [s\src\hotspot\share\prims\jni.cpp, line 516]
Event: 25.376 Thread 0x00000261f869d080 Exception <a 'java/io/FileNotFoundException'{0x00000000ebf42628}> (0x00000000ebf42628) 
thrown [s\src\hotspot\share\prims\jni.cpp, line 516]
Event: 25.376 Thread 0x00000261f869d080 Exception <a 'java/io/FileNotFoundException'{0x00000000ebf43668}> (0x00000000ebf43668) 
thrown [s\src\hotspot\share\prims\jni.cpp, line 516]
Event: 25.389 Thread 0x00000261f869d080 Exception <a 'java/lang/NoSuchMethodError'{0x00000000ec061b88}: 'java.lang.Object java.lang.invoke.DirectMethodHandle$Holder.invokeStatic(java.lang.Object, java.lang.Object, int, java.lang.Object)'> (0x00000000ec061b88) 
thrown [s\src\hotspot\share\interpreter\linkResolver.cpp, line 759]
Event: 25.390 Thread 0x00000261f869d080 Exception <a 'java/lang/NoSuchMethodError'{0x00000000ec069200}: 'java.lang.Object java.lang.invoke.DirectMethodHandle$Holder.newInvokeSpecial(java.lang.Object, java.lang.Object, int)'> (0x00000000ec069200) 
thrown [s\src\hotspot\share\interpreter\linkResolver.cpp, line 759]
Event: 25.622 Thread 0x00000261f869d080 Exception <a 'java/io/FileNotFoundException'{0x00000000eb003dc8}> (0x00000000eb003dc8) 
thrown [s\src\hotspot\share\prims\jni.cpp, line 516]
Event: 25.622 Thread 0x00000261f869d080 Exception <a 'java/io/FileNotFoundException'{0x00000000eb0050c8}> (0x00000000eb0050c8) 
thrown [s\src\hotspot\share\prims\jni.cpp, line 516]
Event: 25.690 Thread 0x00000261f869d080 Exception <a 'sun/nio/fs/WindowsException'{0x00000000eb0d83e8}> (0x00000000eb0d83e8) 
thrown [s\src\hotspot\share\prims\jni.cpp, line 516]
Event: 25.690 Thread 0x00000261f869d080 Exception <a 'sun/nio/fs/WindowsException'{0x00000000eb0d8f18}> (0x00000000eb0d8f18) 
thrown [s\src\hotspot\share\prims\jni.cpp, line 516]
Event: 26.501 Thread 0x00000261f7551ac0 Exception <a 'sun/nio/fs/WindowsException'{0x00000000eb6c72e0}> (0x00000000eb6c72e0) 
thrown [s\src\hotspot\share\prims\jni.cpp, line 516]
Event: 26.501 Thread 0x00000261f7551ac0 Exception <a 'sun/nio/fs/WindowsException'{0x00000000eb6c7b68}> (0x00000000eb6c7b68) 
thrown [s\src\hotspot\share\prims\jni.cpp, line 516]
Event: 26.503 Thread 0x00000261f7551ac0 Exception <a 'sun/nio/fs/WindowsException'{0x00000000eb6c8e98}> (0x00000000eb6c8e98) 
thrown [s\src\hotspot\share\prims\jni.cpp, line 516]
Event: 26.503 Thread 0x00000261f7551ac0 Exception <a 'sun/nio/fs/WindowsException'{0x00000000eb6c9720}> (0x00000000eb6c9720) 
thrown [s\src\hotspot\share\prims\jni.cpp, line 516]
Event: 26.954 Thread 0x00000261f7551ac0 Exception <a 'java/io/FileNotFoundException'{0x00000000eb5ee438}> (0x00000000eb5ee438) 
thrown [s\src\hotspot\share\prims\jni.cpp, line 516]
Event: 26.954 Thread 0x00000261f7551ac0 Exception <a 'java/io/FileNotFoundException'{0x00000000eb5ef1f8}> (0x00000000eb5ef1f8) 
thrown [s\src\hotspot\share\prims\jni.cpp, line 516]
Event: 26.969 Thread 0x00000261f7551ac0 Exception <a 'sun/nio/fs/WindowsException'{0x00000000eb6637c0}> (0x00000000eb6637c0) 
thrown [s\src\hotspot\share\prims\jni.cpp, line 516]
Event: 26.969 Thread 0x00000261f7551ac0 Exception <a 'sun/nio/fs/WindowsException'{0x00000000eb664048}> (0x00000000eb664048) 
thrown [s\src\hotspot\share\prims\jni.cpp, line 516]

VM Operations (20 events):
Event: 23.758 Executing VM operation: ParallelGCFailedAllocation done
Event: 24.675 Executing VM operation: ParallelGCFailedAllocation
Event: 24.681 Executing VM operation: ParallelGCFailedAllocation done
Event: 25.393 Executing VM operation: ParallelGCFailedAllocation
Event: 25.400 Executing VM operation: ParallelGCFailedAllocation done
Event: 25.508 Executing VM operation: HandshakeAllThreads
Event: 25.518 Executing VM operation: HandshakeAllThreads done
Event: 25.538 Executing VM operation: HandshakeAllThreads
Event: 25.538 Executing VM operation: HandshakeAllThreads done
Event: 25.851 Executing VM operation: HandshakeAllThreads
Event: 26.453 Executing VM operation: HandshakeAllThreads done
Event: 26.453 Executing VM operation: Cleanup
Event: 26.453 Executing VM operation: Cleanup done
Event: 26.758 Executing VM operation: ParallelGCFailedAllocation
Event: 26.793 Executing VM operation: ParallelGCFailedAllocation done
Event: 26.923 Executing VM operation: HandshakeAllThreads
Event: 26.931 Executing VM operation: HandshakeAllThreads done
Event: 27.520 Executing VM operation: HandshakeAllThreads
Event: 27.716 Executing VM operation: HandshakeAllThreads done
Event: 27.752 Executing VM operation: CollectForMetadataAllocation

Events (20 events):
Event: 20.841 Thread 0x00000261f857cf70 Thread exited: 0x00000261f857cf70
Event: 20.865 Thread 0x00000261f869e4c0 Thread added: 0x00000261f869e4c0
Event: 21.054 Thread 0x00000261f7726b60 Thread added: 0x00000261f7726b60
Event: 21.239 Thread 0x00000261f7726b60 Thread exited: 0x00000261f7726b60
Event: 21.722 Thread 0x00000261f86a35c0 Thread added: 0x00000261f86a35c0
Event: 23.852 Thread 0x00000261f7f00240 Thread added: 0x00000261f7f00240
Event: 24.826 Thread 0x00000261f869d590 Thread added: 0x00000261f869d590
Event: 24.855 Thread 0x00000261f86a44f0 Thread added: 0x00000261f86a44f0
Event: 25.375 Thread 0x00000261f7f00240 Thread exited: 0x00000261f7f00240
Event: 26.514 Thread 0x00000261f8bf23b0 Thread added: 0x00000261f8bf23b0
Event: 26.933 Thread 0x00000261f7026190 flushing nmethod 0x00000261e8960a90
Event: 26.936 Thread 0x00000261f7026190 flushing nmethod 0x00000261e0f32b10
Event: 26.937 Thread 0x00000261f7026190 flushing nmethod 0x00000261e0f9d110
Event: 26.940 Thread 0x00000261f7026190 flushing nmethod 0x00000261e12fec10
Event: 26.942 Thread 0x00000261f7026190 flushing nmethod 0x00000261e1493c10
Event: 26.942 Thread 0x00000261f7026190 flushing nmethod 0x00000261e14b3790
Event: 26.943 Thread 0x00000261f7026190 flushing nmethod 0x00000261e1620b10
Event: 26.943 Thread 0x00000261f7026190 flushing nmethod 0x00000261e1636790
Event: 27.003 Thread 0x00000261f869e9d0 Thread added: 0x00000261f869e9d0
Event: 27.477 Thread 0x00000261f8bf23b0 Thread exited: 0x00000261f8bf23b0


Dynamic libraries:
0x00007ff7ef1f0000 - 0x00007ff7ef1fe000 	c:\Users\Douglas\.vscode\extensions\redhat.java-1.34.0-win32-x64\jre\17.0.12-win32-x86_64\bin\java.exe
0x00007ffa9ed10000 - 0x00007ffa9ef08000 	C:\Windows\SYSTEM32\ntdll.dll
0x00007ffa9df50000 - 0x00007ffa9e011000 	C:\Windows\System32\KERNEL32.DLL
0x00007ffa9c5d0000 - 0x00007ffa9c8cd000 	C:\Windows\System32\KERNELBASE.dll
0x00007ffa9c460000 - 0x00007ffa9c560000 	C:\Windows\System32\ucrtbase.dll
0x00007ffa87930000 - 0x00007ffa87947000 	c:\Users\Douglas\.vscode\extensions\redhat.java-1.34.0-win32-x64\jre\17.0.12-win32-x86_64\bin\jli.dll
0x00007ffa9cea0000 - 0x00007ffa9d03d000 	C:\Windows\System32\USER32.dll
0x00007ffa9cc60000 - 0x00007ffa9cc82000 	C:\Windows\System32\win32u.dll
0x00007ffa9e4d0000 - 0x00007ffa9e4fb000 	C:\Windows\System32\GDI32.dll
0x00007ffa9ca60000 - 0x00007ffa9cb77000 	C:\Windows\System32\gdi32full.dll
0x00007ffa9c3c0000 - 0x00007ffa9c45d000 	C:\Windows\System32\msvcp_win.dll
0x00007ffa7e1b0000 - 0x00007ffa7e1cb000 	c:\Users\Douglas\.vscode\extensions\redhat.java-1.34.0-win32-x64\jre\17.0.12-win32-x86_64\bin\VCRUNTIME140.dll
0x00007ffa86dc0000 - 0x00007ffa8705a000 	C:\Windows\WinSxS\amd64_microsoft.windows.common-controls_6595b64144ccf1df_6.0.19041.4355_none_60b8b9eb71f62e16\COMCTL32.dll
0x00007ffa9ddf0000 - 0x00007ffa9de8e000 	C:\Windows\System32\msvcrt.dll
0x00007ffa9d950000 - 0x00007ffa9d97f000 	C:\Windows\System32\IMM32.DLL
0x00007ffa87660000 - 0x00007ffa8766c000 	c:\Users\Douglas\.vscode\extensions\redhat.java-1.34.0-win32-x64\jre\17.0.12-win32-x86_64\bin\vcruntime140_1.dll
0x00007ffa72760000 - 0x00007ffa727ed000 	c:\Users\Douglas\.vscode\extensions\redhat.java-1.34.0-win32-x64\jre\17.0.12-win32-x86_64\bin\msvcp140.dll
0x00007ffa44a70000 - 0x00007ffa456da000 	c:\Users\Douglas\.vscode\extensions\redhat.java-1.34.0-win32-x64\jre\17.0.12-win32-x86_64\bin\server\jvm.dll
0x00007ffa9e020000 - 0x00007ffa9e0d0000 	C:\Windows\System32\ADVAPI32.dll
0x00007ffa9e500000 - 0x00007ffa9e5a0000 	C:\Windows\System32\sechost.dll
0x00007ffa9e280000 - 0x00007ffa9e3a3000 	C:\Windows\System32\RPCRT4.dll
0x00007ffa9ca30000 - 0x00007ffa9ca57000 	C:\Windows\System32\bcrypt.dll
0x00007ffa9d040000 - 0x00007ffa9d0ab000 	C:\Windows\System32\WS2_32.dll
0x00007ffa9bd50000 - 0x00007ffa9bd9b000 	C:\Windows\SYSTEM32\POWRPROF.dll
0x00007ffa8a3f0000 - 0x00007ffa8a417000 	C:\Windows\SYSTEM32\WINMM.dll
0x00007ffa96710000 - 0x00007ffa9671a000 	C:\Windows\SYSTEM32\VERSION.dll
0x00007ffa9bd30000 - 0x00007ffa9bd42000 	C:\Windows\SYSTEM32\UMPDC.dll
0x00007ffa9a260000 - 0x00007ffa9a272000 	C:\Windows\SYSTEM32\kernel.appcore.dll
0x00007ffa7dee0000 - 0x00007ffa7deea000 	c:\Users\Douglas\.vscode\extensions\redhat.java-1.34.0-win32-x64\jre\17.0.12-win32-x86_64\bin\jimage.dll
0x00007ffa89980000 - 0x00007ffa89b64000 	C:\Windows\SYSTEM32\DBGHELP.DLL
0x00007ffa8ea70000 - 0x00007ffa8eaa4000 	C:\Windows\SYSTEM32\dbgcore.DLL
0x00007ffa9cb80000 - 0x00007ffa9cc02000 	C:\Windows\System32\bcryptPrimitives.dll
0x00007ffa7ded0000 - 0x00007ffa7dede000 	c:\Users\Douglas\.vscode\extensions\redhat.java-1.34.0-win32-x64\jre\17.0.12-win32-x86_64\bin\instrument.dll
0x00007ffa7cf90000 - 0x00007ffa7cfb5000 	c:\Users\Douglas\.vscode\extensions\redhat.java-1.34.0-win32-x64\jre\17.0.12-win32-x86_64\bin\java.dll
0x00007ffa7d780000 - 0x00007ffa7d798000 	c:\Users\Douglas\.vscode\extensions\redhat.java-1.34.0-win32-x64\jre\17.0.12-win32-x86_64\bin\zip.dll
0x00007ffa9d0b0000 - 0x00007ffa9d81f000 	C:\Windows\System32\SHELL32.dll
0x00007ffa9a460000 - 0x00007ffa9ac03000 	C:\Windows\SYSTEM32\windows.storage.dll
0x00007ffa9e860000 - 0x00007ffa9ebb3000 	C:\Windows\System32\combase.dll
0x00007ffa9bdf0000 - 0x00007ffa9be1e000 	C:\Windows\SYSTEM32\Wldp.dll
0x00007ffa9e5a0000 - 0x00007ffa9e66d000 	C:\Windows\System32\OLEAUT32.dll
0x00007ffa9ec20000 - 0x00007ffa9eccd000 	C:\Windows\System32\SHCORE.dll
0x00007ffa9ebc0000 - 0x00007ffa9ec15000 	C:\Windows\System32\shlwapi.dll
0x00007ffa9c2f0000 - 0x00007ffa9c314000 	C:\Windows\SYSTEM32\profapi.dll
0x00007ffa7d4e0000 - 0x00007ffa7d4f9000 	C:\Users\Douglas\.vscode\extensions\redhat.java-1.34.0-win32-x64\jre\17.0.12-win32-x86_64\bin\net.dll
0x00007ffa96730000 - 0x00007ffa9683d000 	C:\Windows\SYSTEM32\WINHTTP.dll
0x00007ffa9bae0000 - 0x00007ffa9bb4a000 	C:\Windows\system32\mswsock.dll
0x00007ffa7cf70000 - 0x00007ffa7cf86000 	C:\Users\Douglas\.vscode\extensions\redhat.java-1.34.0-win32-x64\jre\17.0.12-win32-x86_64\bin\nio.dll
0x00007ffa7dec0000 - 0x00007ffa7ded0000 	c:\Users\Douglas\.vscode\extensions\redhat.java-1.34.0-win32-x64\jre\17.0.12-win32-x86_64\bin\verify.dll
0x00007ffa72710000 - 0x00007ffa72755000 	C:\Users\Douglas\AppData\Roaming\Code\User\globalStorage\redhat.java\1.34.0\config_win\org.eclipse.equinox.launcher\org.eclipse.equinox.launcher.win32.win32.x86_64_1.2.1100.v20240722-2106\eclipse_11904.dll
0x00007ffa9d820000 - 0x00007ffa9d94b000 	C:\Windows\System32\ole32.dll
0x00007ffa9bce0000 - 0x00007ffa9bcf8000 	C:\Windows\SYSTEM32\CRYPTSP.dll
0x00007ffa9b3a0000 - 0x00007ffa9b3d4000 	C:\Windows\system32\rsaenh.dll
0x00007ffa9c2b0000 - 0x00007ffa9c2de000 	C:\Windows\SYSTEM32\USERENV.dll
0x00007ffa9bcd0000 - 0x00007ffa9bcdc000 	C:\Windows\SYSTEM32\CRYPTBASE.dll
0x00007ffa9b760000 - 0x00007ffa9b79b000 	C:\Windows\SYSTEM32\IPHLPAPI.DLL
0x00007ffa9df40000 - 0x00007ffa9df48000 	C:\Windows\System32\NSI.dll
0x00007ffa97240000 - 0x00007ffa97257000 	C:\Windows\SYSTEM32\dhcpcsvc6.DLL
0x00007ffa97170000 - 0x00007ffa9718d000 	C:\Windows\SYSTEM32\dhcpcsvc.DLL
0x00007ffa9b7a0000 - 0x00007ffa9b86a000 	C:\Windows\SYSTEM32\DNSAPI.dll
0x00007ffa70280000 - 0x00007ffa702c5000 	C:\Users\Douglas\AppData\Local\Temp\jna--785196031\jna8346850135836089455.dll
0x00007ffa9e7f0000 - 0x00007ffa9e7f8000 	C:\Windows\System32\PSAPI.DLL

dbghelp: loaded successfully - version: 4.0.5 - missing functions: none
symbol engine: initialized successfully - sym options: 0x614 - pdb path: .;c:\Users\Douglas\.vscode\extensions\redhat.java-1.34.0-win32-x64\jre\17.0.12-win32-x86_64\bin;C:\Windows\SYSTEM32;C:\Windows\WinSxS\amd64_microsoft.windows.common-controls_6595b64144ccf1df_6.0.19041.4355_none_60b8b9eb71f62e16;c:\Users\Douglas\.vscode\extensions\redhat.java-1.34.0-win32-x64\jre\17.0.12-win32-x86_64\bin\server;C:\Users\Douglas\AppData\Roaming\Code\User\globalStorage\redhat.java\1.34.0\config_win\org.eclipse.equinox.launcher\org.eclipse.equinox.launcher.win32.win32.x86_64_1.2.1100.v20240722-2106;C:\Users\Douglas\AppData\Local\Temp\jna--785196031

VM Arguments:
jvm_args: --add-modules=ALL-SYSTEM --add-opens=java.base/java.util=ALL-UNNAMED --add-opens=java.base/java.lang=ALL-UNNAMED --add-opens=java.base/sun.nio.fs=ALL-UNNAMED -Declipse.application=org.eclipse.jdt.ls.core.id1 -Dosgi.bundles.defaultStartLevel=4 -Declipse.product=org.eclipse.jdt.ls.core.product -Djava.import.generatesMetadataFilesAtProjectRoot=false -DDetectVMInstallationsJob.disabled=true -Dfile.encoding=utf8 -XX:+UseParallelGC -XX:GCTimeRatio=4 -XX:AdaptiveSizePolicyWeight=90 -Dsun.zip.disableMemoryMapping=true -Xmx1G -Xms100m -Xlog:disable -javaagent:c:\Users\Douglas\.vscode\extensions\redhat.java-1.34.0-win32-x64\lombok\lombok-1.18.33.jar -XX:+HeapDumpOnOutOfMemoryError -XX:HeapDumpPath=c:\Users\Douglas\AppData\Roaming\Code\User\workspaceStorage\ec29353b9d41b3d3bf0a96167f292c51\redhat.java -Daether.dependencyCollector.impl=bf 
java_command: c:\Users\Douglas\.vscode\extensions\redhat.java-1.34.0-win32-x64\server\plugins\org.eclipse.equinox.launcher_1.6.900.v20240613-2009.jar -configuration c:\Users\Douglas\AppData\Roaming\Code\User\globalStorage\redhat.java\1.34.0\config_win -data c:\Users\Douglas\AppData\Roaming\Code\User\workspaceStorage\ec29353b9d41b3d3bf0a96167f292c51\redhat.java\jdt_ws --pipe=\\.\pipe\lsp-1d718801182ddba9e58127b89d679886-sock
java_class_path (initial): c:\Users\Douglas\.vscode\extensions\redhat.java-1.34.0-win32-x64\server\plugins\org.eclipse.equinox.launcher_1.6.900.v20240613-2009.jar
Launcher Type: SUN_STANDARD

[Global flags]
    uintx AdaptiveSizePolicyWeight                 = 90                                        {product} {command line}
     intx CICompilerCount                          = 3                                         {product} {ergonomic}
    uintx GCTimeRatio                              = 4                                         {product} {command line}
     bool HeapDumpOnOutOfMemoryError               = true                                   {manageable} {command line}
    ccstr HeapDumpPath                             = c:\Users\Douglas\AppData\Roaming\Code\User\workspaceStorage\ec29353b9d41b3d3bf0a96167f292c51\redhat.java         {manageable} {command line}
   size_t InitialHeapSize                          = 104857600                                 {product} {command line}
   size_t MaxHeapSize                              = 1073741824                                {product} {command line}
   size_t MaxNewSize                               = 357564416                                 {product} {ergonomic}
   size_t MinHeapDeltaBytes                        = 524288                                    {product} {ergonomic}
   size_t MinHeapSize                              = 104857600                                 {product} {command line}
   size_t NewSize                                  = 34603008                                  {product} {ergonomic}
    uintx NonNMethodCodeHeapSize                   = 5832780                                {pd product} {ergonomic}
    uintx NonProfiledCodeHeapSize                  = 122912730                              {pd product} {ergonomic}
   size_t OldSize                                  = 70254592                                  {product} {ergonomic}
    uintx ProfiledCodeHeapSize                     = 122912730                              {pd product} {ergonomic}
    uintx ReservedCodeCacheSize                    = 251658240                              {pd product} {ergonomic}
     bool SegmentedCodeCache                       = true                                      {product} {ergonomic}
   size_t SoftMaxHeapSize                          = 1073741824                             {manageable} {ergonomic}
     bool UseCompressedClassPointers               = true                           {product lp64_product} {ergonomic}
     bool UseCompressedOops                        = true                           {product lp64_product} {ergonomic}
     bool UseLargePagesIndividualAllocation        = false                                  {pd product} {ergonomic}
     bool UseParallelGC                            = true                                      {product} {command line}

Logging:
Log output configuration:
 #0: stdout all=off uptime,level,tags
 #1: stderr all=off uptime,level,tags

Environment Variables:
PATH=C:\ProgramData\Oracle\Java\javapath;C:\Program Files\Common Files\Oracle\Java\javapath;C:\Windows\system32;C:\Windows;C:\Windows\System32\Wbem;C:\Windows\System32\WindowsPowerShell\v1.0\;C:\Windows\System32\OpenSSH\;C:\Program Files\Git\cmd;C:\Program Files\nodejs\;C:\Users\Douglas\AppData\Local\Programs\Python\Python312\Scripts\;C:\Users\Douglas\AppData\Local\Programs\Python\Python312\;C:\Users\Douglas\AppData\Local\Microsoft\WindowsApps;C:\Users\Douglas\AppData\Local\Programs\Microsoft VS Code\bin;C:\Users\Douglas\AppData\Roaming\npm
USERNAME=Douglas
OS=Windows_NT
PROCESSOR_IDENTIFIER=Intel64 Family 6 Model 37 Stepping 5, GenuineIntel
TMP=C:\Users\Douglas\AppData\Local\Temp
TEMP=C:\Users\Douglas\AppData\Local\Temp



Periodic native trim disabled


---------------  S Y S T E M  ---------------

OS:
 Windows 10 , 64 bit Build 19041 (10.0.19041.4842)
OS uptime: 0 days 1:35 hours

CPU: total 4 (initial active 4) (2 cores per cpu, 2 threads per core) family 6 model 37 stepping 5 microcode 0x7, cx8, cmov, fxsr, ht, mmx, sse, sse2, sse3, ssse3, sse4.1, sse4.2, popcnt, tsc, tscinvbit, aes, clmul, clflush
Processor Information for all 4 processors :
  Max Mhz: 3201, Current Mhz: 3201, Mhz Limit: 3201

Memory: 4k page, system-wide physical 8052M (3853M free)
TotalPageFile size 13172M (AvailPageFile size 7153M)
current process WorkingSet (physical memory assigned to process): 214M, peak: 214M
current process commit charge ("private bytes"): 279M, peak: 295M

vm_info: OpenJDK 64-Bit Server VM (17.0.12+7) for windows-amd64 JRE (17.0.12+7), built on Jul 16 2024 22:08:24 by "admin" with MS VC++ 16.10 / 16.11 (VS2019)

END.
